07/nov/2019 08:28:12,414- Departamentua: Departamentu Pantailan sartu da
07/nov/2019 08:28:12,427- Enplegatua: Departamentu Pantailan sartu da
07/nov/2019 08:28:12,489- Menua: Menu Pantailan sartu da
07/nov/2019 08:28:12,536- Nagusia: Programa Hasierati egin da07/nov/2019 21:48:35,388- Departamentua: Departamentu Pantailan sartu da
07/nov/2019 21:48:35,399- Enplegatua: Departamentu Pantailan sartu da
07/nov/2019 21:48:35,478- Menua: Menu Pantailan sartu da
07/nov/2019 21:48:35,529- Nagusia: Programa Hasierati egin da
07/nov/2019 21:54:19,238- Departamentua: Departamentu Pantailan sartu da
07/nov/2019 21:54:19,307- Enplegatua: Departamentu Pantailan sartu da
07/nov/2019 21:54:19,553- Menua: Menu Pantailan sartu da
07/nov/2019 21:54:19,613- Nagusia: Programa Hasierati egin da
11/nov/2019 10:41:27,173- Departamentua: Departamentu Pantailan sartu da
11/nov/2019 10:41:27,182- Enplegatua: Departamentu Pantailan sartu da
11/nov/2019 10:41:27,225- Menua: Menu Pantailan sartu da
11/nov/2019 10:41:27,265- Nagusia: Programa Hasierati egin da
11/nov/2019 10:42:12,111- Departamentua: Departamentu Pantailan sartu da
11/nov/2019 10:42:12,119- Enplegatua: Departamentu Pantailan sartu da
11/nov/2019 10:42:12,189- Menua: Menu Pantailan sartu da
11/nov/2019 10:42:12,219- Nagusia: Programa Hasierati egin da
11/nov/2019 10:44:58,939- Departamentua: Departamentu Pantailan sartu da
11/nov/2019 10:44:58,954- Enplegatua: Departamentu Pantailan sartu da
11/nov/2019 10:44:59,016- Menua: Menu Pantailan sartu da
11/nov/2019 10:44:59,050- Nagusia: Programa Hasierati egin da
12/nov/2019 12:39:18,691- Departamentua: Departamentu Pantailan sartu da
12/nov/2019 12:39:18,873- Enplegatua: Departamentu Pantailan sartu da
12/nov/2019 12:39:19,270- Menua: Menu Pantailan sartu da
12/nov/2019 12:39:19,302- Nagusia: Programa Hasierati egin da
12/nov/2019 12:40:05,221- Kontsultak: 1452
12/nov/2019 12:40:05,222- Menukontroladorea: Elementu bat sartu egin da: Marcos
12/nov/2019 12:40:49,737- Menukontroladorea: Elementu bat sartu egin da: Marcos
12/nov/2019 13:03:25,390- Departamentua: Departamentu Pantailan sartu da
12/nov/2019 13:03:25,400- Enplegatua: Departamentu Pantailan sartu da
12/nov/2019 13:03:25,504- Menua: Menu Pantailan sartu da
12/nov/2019 13:03:25,539- Nagusia: Programa Hasierati egin da
12/nov/2019 13:03:43,179- Menukontroladorea: null enplegatua ezabatu egin da.
12/nov/2019 19:15:20,794- Departamentua: Departamentu Pantailan sartu da
12/nov/2019 19:15:20,840- Enplegatua: Departamentu Pantailan sartu da
12/nov/2019 19:28:48,188- Departamentua: Departamentu Pantailan sartu da
12/nov/2019 19:28:48,196- Enplegatua: Departamentu Pantailan sartu da
12/nov/2019 19:29:19,064- Departamentua: Departamentu Pantailan sartu da
12/nov/2019 19:29:19,075- Enplegatua: Departamentu Pantailan sartu da
12/nov/2019 19:37:54,912- Departamentua: Departamentu Pantailan sartu da
12/nov/2019 19:37:54,919- Enplegatua: Departamentu Pantailan sartu da
12/nov/2019 19:43:50,967- Departamentua: Departamentu Pantailan sartu da
12/nov/2019 19:43:50,974- Enplegatua: Departamentu Pantailan sartu da
12/nov/2019 19:54:52,810- Departamentua: Departamentu Pantailan sartu da
12/nov/2019 19:54:52,819- Enplegatua: Departamentu Pantailan sartu da
12/nov/2019 19:54:56,646- Departamentua: Departamentu Pantailan sartu da
12/nov/2019 19:54:56,655- Enplegatua: Departamentu Pantailan sartu da
12/nov/2019 19:54:56,833- Departamentua: Departamentu Pantailan sartu da
12/nov/2019 19:54:56,840- Enplegatua: Departamentu Pantailan sartu da
12/nov/2019 19:55:52,375- Departamentua: Departamentu Pantailan sartu da
12/nov/2019 19:55:52,382- Enplegatua: Departamentu Pantailan sartu da
12/nov/2019 20:05:01,924- Departamentua: Departamentu Pantailan sartu da
12/nov/2019 20:05:01,933- Enplegatua: Departamentu Pantailan sartu da
12/nov/2019 20:05:44,182- Departamentua: Departamentu Pantailan sartu da
12/nov/2019 20:05:44,191- Enplegatua: Departamentu Pantailan sartu da
12/nov/2019 20:06:44,441- Menua: Menu Pantailan sartu da
12/nov/2019 20:06:44,506- Departamentua: Departamentu Pantailan sartu da
12/nov/2019 20:06:44,512- Enplegatua: Departamentu Pantailan sartu da
12/nov/2019 20:09:30,541- Menua: Menu Pantailan sartu da
12/nov/2019 20:09:30,722- Departamentua: Departamentu Pantailan sartu da
12/nov/2019 20:09:30,735- Enplegatua: Departamentu Pantailan sartu da
12/nov/2019 20:12:09,413- Menua: Menu Pantailan sartu da
12/nov/2019 20:12:09,480- Departamentua: Departamentu Pantailan sartu da
12/nov/2019 20:12:09,487- Enplegatua: Departamentu Pantailan sartu da
12/nov/2019 20:14:44,739- Menua: Menu Pantailan sartu da
12/nov/2019 20:14:44,805- Departamentua: Departamentu Pantailan sartu da
12/nov/2019 20:14:44,812- Enplegatua: Departamentu Pantailan sartu da
12/nov/2019 20:14:44,898- Nagusia: Programa Hasierati egin da
12/nov/2019 20:16:26,510- Menua: Menu Pantailan sartu da
12/nov/2019 20:16:26,574- Departamentua: Departamentu Pantailan sartu da
12/nov/2019 20:16:26,581- Enplegatua: Departamentu Pantailan sartu da
12/nov/2019 20:33:29,485- Menua: Menu Pantailan sartu da
12/nov/2019 20:33:29,550- Departamentua: Departamentu Pantailan sartu da
12/nov/2019 20:33:29,559- Enplegatua: Departamentu Pantailan sartu da
12/nov/2019 20:39:25,693- Menua: Menu Pantailan sartu da
12/nov/2019 20:39:25,753- Departamentua: Departamentu Pantailan sartu da
12/nov/2019 20:39:25,759- Enplegatua: Departamentu Pantailan sartu da
12/nov/2019 20:45:44,086- Kontsultak: 
12/nov/2019 20:48:10,047- Kontsultak: Column Index out of range, 0 < 1.
12/nov/2019 20:48:33,706- Kontsultak: Column Index out of range, 0 < 1.
12/nov/2019 20:48:57,803- Kontsultak: 
12/nov/2019 20:50:49,106- Kontsultak: 
12/nov/2019 20:53:18,893- Kontsultak: 
12/nov/2019 20:55:44,563- Kontsultak: 
12/nov/2019 20:55:44,564- Nagusia: 
12/nov/2019 21:00:10,879- Kontsultak: 
12/nov/2019 21:00:10,879- Nagusia: 
12/nov/2019 21:00:50,678- Kontsultak: 
12/nov/2019 21:00:50,678- Nagusia: 
12/nov/2019 21:02:00,837- Kontsultak: 
12/nov/2019 21:02:00,837- Nagusia: 
12/nov/2019 21:02:31,931- Kontsultak: 
12/nov/2019 21:02:31,931- Nagusia: 
12/nov/2019 21:03:04,710- Kontsultak: 
12/nov/2019 21:03:04,710- Nagusia: 
